<?xml version="1.0" encoding="UTF-8"?>
<!-- Generated by org.testng.reporters.JUnitXMLReporter -->
<testsuite hostname="Naresh-HP" ignored="4" name="Test" tests="6" failures="2" timestamp="03 Sep 2020 06:45:54 GMT" time="0.638" errors="0">
  <testcase name="validateHomePage" time="0.432" classname="com.zoopla.tests.ZooplaHomeTest"/>
  <testcase name="sortPrice" time="0.002" classname="com.zoopla.tests.SearchPage">
    <failure type="java.lang.NullPointerException">
      <![CDATA[java.lang.NullPointerException
at com.zoopla.utilities.BrowserUtility.udfClick(BrowserUtility.java:45)
at com.zoopla.pageobjects.SearchPO.sortPriceDesc(SearchPO.java:27)
at com.zoopla.tests.SearchPage.sortPrice(SearchPage.java:22)
... Removed 25 stack frames]]>
    </failure>
  </testcase> <!-- sortPrice -->
  <testcase name="clickOnAgentName" time="0.029" classname="com.zoopla.tests.AgentPage">
    <failure type="org.openqa.selenium.NoSuchElementException" message="no such element: Unable to locate element: {&amp;quot;method&amp;quot;:&amp;quot;xpath&amp;quot;,&amp;quot;selector&amp;quot;:&amp;quot;//div[@class=&amp;apos;dp-sidebar-wrapper__contact&amp;apos;]//div[@class=&amp;apos;ui-agent__text&amp;apos;]&amp;quot;}
  (Session info: chrome=84.0.4147.135)
For documentation on this error, please visit: http://seleniumhq.org/exceptions/no_such_element.html
Build info: version: &amp;apos;3.141.0&amp;apos;, revision: &amp;apos;2ecb7d9a&amp;apos;, time: &amp;apos;2018-10-31T20:09:30&amp;apos;
System info: host: &amp;apos;NARESH-HP&amp;apos;, ip: &amp;apos;10.0.0.188&amp;apos;, os.name: &amp;apos;Windows 7&amp;apos;, os.arch: &amp;apos;amd64&amp;apos;, os.version: &amp;apos;6.1&amp;apos;, java.version: &amp;apos;1.8.0_241&amp;apos;
Driver info: org.openqa.selenium.chrome.ChromeDriver
Capabilities {acceptInsecureCerts: false, browserName: chrome, browserVersion: 84.0.4147.135, chrome: {chromedriverVersion: 84.0.4147.30 (48b3e868b4cc0..., userDataDir: C:\Users\SARAYU~1.NAR\AppDa...}, goog:chromeOptions: {debuggerAddress: localhost:62271}, javascriptEnabled: true, networkConnectionEnabled: false, pageLoadStrategy: normal, platform: WINDOWS, platformName: WINDOWS, proxy: Proxy(), setWindowRect: true, strictFileInteractability: false, timeouts: {implicit: 0, pageLoad: 300000, script: 30000}, unhandledPromptBehavior: dismiss and notify, webauthn:virtualAuthenticators: true}
Session ID: a60d463782982530f213c10d3eb54b30
*** Element info: {Using=xpath, value=//div[@class=&amp;apos;dp-sidebar-wrapper__contact&amp;apos;]//div[@class=&amp;apos;ui-agent__text&amp;apos;]}">
      <![CDATA[org.openqa.selenium.NoSuchElementException: no such element: Unable to locate element: {"method":"xpath","selector":"//div[@class='dp-sidebar-wrapper__contact']//div[@class='ui-agent__text']"}
  (Session info: chrome=84.0.4147.135)
For documentation on this error, please visit: http://seleniumhq.org/exceptions/no_such_element.html
Build info: version: '3.141.0', revision: '2ecb7d9a', time: '2018-10-31T20:09:30'
System info: host: 'NARESH-HP', ip: '10.0.0.188', os.name: 'Windows 7', os.arch: 'amd64', os.version: '6.1', java.version: '1.8.0_241'
Driver info: org.openqa.selenium.chrome.ChromeDriver
Capabilities {acceptInsecureCerts: false, browserName: chrome, browserVersion: 84.0.4147.135, chrome: {chromedriverVersion: 84.0.4147.30 (48b3e868b4cc0..., userDataDir: C:\Users\SARAYU~1.NAR\AppDa...}, goog:chromeOptions: {debuggerAddress: localhost:62271}, javascriptEnabled: true, networkConnectionEnabled: false, pageLoadStrategy: normal, platform: WINDOWS, platformName: WINDOWS, proxy: Proxy(), setWindowRect: true, strictFileInteractability: false, timeouts: {implicit: 0, pageLoad: 300000, script: 30000}, unhandledPromptBehavior: dismiss and notify, webauthn:virtualAuthenticators: true}
Session ID: a60d463782982530f213c10d3eb54b30
*** Element info: {Using=xpath, value=//div[@class='dp-sidebar-wrapper__contact']//div[@class='ui-agent__text']}
at org.openqa.selenium.remote.http.W3CHttpResponseCodec.createException(W3CHttpResponseCodec.java:187)
at org.openqa.selenium.remote.http.W3CHttpResponseCodec.decode(W3CHttpResponseCodec.java:122)
at org.openqa.selenium.remote.http.W3CHttpResponseCodec.decode(W3CHttpResponseCodec.java:49)
at org.openqa.selenium.remote.HttpCommandExecutor.execute(HttpCommandExecutor.java:158)
at org.openqa.selenium.remote.service.DriverCommandExecutor.execute(DriverCommandExecutor.java:83)
at org.openqa.selenium.remote.RemoteWebDriver.execute(RemoteWebDriver.java:552)
at org.openqa.selenium.remote.RemoteWebDriver.findElement(RemoteWebDriver.java:323)
at org.openqa.selenium.remote.RemoteWebDriver.findElementByXPath(RemoteWebDriver.java:428)
at org.openqa.selenium.By$ByXPath.findElement(By.java:353)
at org.openqa.selenium.remote.RemoteWebDriver.findElement(RemoteWebDriver.java:315)
at org.openqa.selenium.support.pagefactory.DefaultElementLocator.findElement(DefaultElementLocator.java:69)
at org.openqa.selenium.support.pagefactory.internal.LocatingElementHandler.invoke(LocatingElementHandler.java:38)
at com.sun.proxy.$Proxy10.getText(Unknown Source)
at com.zoopla.utilities.BrowserUtility.udfGetKeys(BrowserUtility.java:48)
at com.zoopla.pageobjects.AgentPO.goToAgentPage(AgentPO.java:28)
at com.zoopla.tests.AgentPage.clickOnAgentName(AgentPage.java:21)
... Removed 29 stack frames]]>
    </failure>
  </testcase> <!-- clickOnAgentName -->
  <testcase name="enterSearchText" time="0.093" classname="com.zoopla.tests.ZooplaHomeTest"/>
  <testcase name="selectNthSearchRes" time="0.0" classname="com.zoopla.tests.SearchPage">
    <skipped/>
  </testcase> <!-- selectNthSearchRes -->
  <testcase name="verifyNameInAgentPage" time="0.0" classname="com.zoopla.tests.AgentPage">
    <skipped/>
  </testcase> <!-- verifyNameInAgentPage -->
  <testcase name="@AfterSuite closeDependencies" time="0.0" classname="com.zoopla.utilities.TestBase">
    <ignored/>
  </testcase> <!-- @AfterSuite closeDependencies -->
  <testcase name="@AfterSuite closeDependencies" time="0.0" classname="com.zoopla.utilities.TestBase">
    <ignored/>
  </testcase> <!-- @AfterSuite closeDependencies -->
  <testcase name="@BeforeSuite initDependencies" time="0.0" classname="com.zoopla.utilities.TestBase">
    <ignored/>
  </testcase> <!-- @BeforeSuite initDependencies -->
  <testcase name="@BeforeSuite initDependencies" time="0.0" classname="com.zoopla.utilities.TestBase">
    <ignored/>
  </testcase> <!-- @BeforeSuite initDependencies -->
</testsuite> <!-- Test -->
