<?xml version="1.0" encoding="UTF-8"?>
<testsuite xmlns:xsi="http://www.w3.org/2001/XMLSchema-instance" xsi:noNamespaceSchemaLocation="https://maven.apache.org/surefire/maven-surefire-plugin/xsd/surefire-test-report.xsd" name="TestSuite" time="41.628" tests="15" errors="0" skipped="0" failures="15">
  <properties>
    <property name="sun.desktop" value="windows"/>
    <property name="awt.toolkit" value="sun.awt.windows.WToolkit"/>
    <property name="file.encoding.pkg" value="sun.io"/>
    <property name="java.specification.version" value="1.8"/>
    <property name="webdriver.chrome.driver" value="C:\Users\Sarayu.Naresh-HP\.m2\repository\webdriver\chromedriver\win32\85.0.4183.87\chromedriver.exe"/>
    <property name="sun.cpu.isalist" value="amd64"/>
    <property name="sun.jnu.encoding" value="Cp1252"/>
    <property name="java.class.path" value="C:\Users\Sarayu.Naresh-HP\Desktop\All Softwares Selenium\apache-maven-3.6.3\bin\..\boot\plexus-classworlds-2.6.0.jar"/>
    <property name="java.vm.vendor" value="Oracle Corporation"/>
    <property name="sun.arch.data.model" value="64"/>
    <property name="user.variant" value=""/>
    <property name="java.vendor.url" value="http://java.oracle.com/"/>
    <property name="user.timezone" value="America/Los_Angeles"/>
    <property name="suiteXmlFile" value="testng.xml"/>
    <property name="maven.conf" value="C:\Users\Sarayu.Naresh-HP\Desktop\All Softwares Selenium\apache-maven-3.6.3\bin\../conf"/>
    <property name="os.name" value="Windows 7"/>
    <property name="java.vm.specification.version" value="1.8"/>
    <property name="user.country" value="IN"/>
    <property name="sun.java.launcher" value="SUN_STANDARD"/>
    <property name="sun.boot.library.path" value="C:\Program Files\Java\jdk1.8.0_241\jre\bin"/>
    <property name="sun.java.command" value="org.codehaus.plexus.classworlds.launcher.Launcher clean test -DsuiteXmlFile=testng.xml"/>
    <property name="maven.home" value="C:\Users\Sarayu.Naresh-HP\Desktop\All Softwares Selenium\apache-maven-3.6.3\bin\.."/>
    <property name="surefire.test.class.path" value="C:\Users\Sarayu.Naresh-HP\eclipse-workspace\ZooplaAutomation\target\test-classes;C:\Users\Sarayu.Naresh-HP\eclipse-workspace\ZooplaAutomation\target\classes;C:\Users\Sarayu.Naresh-HP\.m2\repository\org\seleniumhq\selenium\selenium-java\3.141.0\selenium-java-3.141.0.jar;C:\Users\Sarayu.Naresh-HP\.m2\repository\org\seleniumhq\selenium\selenium-api\3.141.0\selenium-api-3.141.0.jar;C:\Users\Sarayu.Naresh-HP\.m2\repository\org\seleniumhq\selenium\selenium-chrome-driver\3.141.0\selenium-chrome-driver-3.141.0.jar;C:\Users\Sarayu.Naresh-HP\.m2\repository\org\seleniumhq\selenium\selenium-edge-driver\3.141.0\selenium-edge-driver-3.141.0.jar;C:\Users\Sarayu.Naresh-HP\.m2\repository\org\seleniumhq\selenium\selenium-firefox-driver\3.141.0\selenium-firefox-driver-3.141.0.jar;C:\Users\Sarayu.Naresh-HP\.m2\repository\org\seleniumhq\selenium\selenium-ie-driver\3.141.0\selenium-ie-driver-3.141.0.jar;C:\Users\Sarayu.Naresh-HP\.m2\repository\org\seleniumhq\selenium\selenium-opera-driver\3.141.0\selenium-opera-driver-3.141.0.jar;C:\Users\Sarayu.Naresh-HP\.m2\repository\org\seleniumhq\selenium\selenium-remote-driver\3.141.0\selenium-remote-driver-3.141.0.jar;C:\Users\Sarayu.Naresh-HP\.m2\repository\org\seleniumhq\selenium\selenium-safari-driver\3.141.0\selenium-safari-driver-3.141.0.jar;C:\Users\Sarayu.Naresh-HP\.m2\repository\org\seleniumhq\selenium\selenium-support\3.141.0\selenium-support-3.141.0.jar;C:\Users\Sarayu.Naresh-HP\.m2\repository\net\bytebuddy\byte-buddy\1.8.15\byte-buddy-1.8.15.jar;C:\Users\Sarayu.Naresh-HP\.m2\repository\org\apache\commons\commons-exec\1.3\commons-exec-1.3.jar;C:\Users\Sarayu.Naresh-HP\.m2\repository\com\google\guava\guava\25.0-jre\guava-25.0-jre.jar;C:\Users\Sarayu.Naresh-HP\.m2\repository\com\google\code\findbugs\jsr305\1.3.9\jsr305-1.3.9.jar;C:\Users\Sarayu.Naresh-HP\.m2\repository\org\checkerframework\checker-compat-qual\2.0.0\checker-compat-qual-2.0.0.jar;C:\Users\Sarayu.Naresh-HP\.m2\repository\com\google\errorprone\error_prone_annotations\2.1.3\error_prone_annotations-2.1.3.jar;C:\Users\Sarayu.Naresh-HP\.m2\repository\com\google\j2objc\j2objc-annotations\1.1\j2objc-annotations-1.1.jar;C:\Users\Sarayu.Naresh-HP\.m2\repository\org\codehaus\mojo\animal-sniffer-annotations\1.14\animal-sniffer-annotations-1.14.jar;C:\Users\Sarayu.Naresh-HP\.m2\repository\com\squareup\okhttp3\okhttp\3.11.0\okhttp-3.11.0.jar;C:\Users\Sarayu.Naresh-HP\.m2\repository\com\squareup\okio\okio\1.14.0\okio-1.14.0.jar;C:\Users\Sarayu.Naresh-HP\.m2\repository\io\github\bonigarcia\webdrivermanager\3.8.1\webdrivermanager-3.8.1.jar;C:\Users\Sarayu.Naresh-HP\.m2\repository\org\slf4j\slf4j-api\1.7.25\slf4j-api-1.7.25.jar;C:\Users\Sarayu.Naresh-HP\.m2\repository\commons-io\commons-io\2.6\commons-io-2.6.jar;C:\Users\Sarayu.Naresh-HP\.m2\repository\com\google\code\gson\gson\2.8.5\gson-2.8.5.jar;C:\Users\Sarayu.Naresh-HP\.m2\repository\org\apache\commons\commons-lang3\3.8.1\commons-lang3-3.8.1.jar;C:\Users\Sarayu.Naresh-HP\.m2\repository\org\apache\httpcomponents\httpclient\4.5.6\httpclient-4.5.6.jar;C:\Users\Sarayu.Naresh-HP\.m2\repository\org\apache\httpcomponents\httpcore\4.4.10\httpcore-4.4.10.jar;C:\Users\Sarayu.Naresh-HP\.m2\repository\commons-logging\commons-logging\1.2\commons-logging-1.2.jar;C:\Users\Sarayu.Naresh-HP\.m2\repository\commons-codec\commons-codec\1.10\commons-codec-1.10.jar;C:\Users\Sarayu.Naresh-HP\.m2\repository\org\rauschig\jarchivelib\1.0.0\jarchivelib-1.0.0.jar;C:\Users\Sarayu.Naresh-HP\.m2\repository\org\apache\commons\commons-compress\1.18\commons-compress-1.18.jar;C:\Users\Sarayu.Naresh-HP\.m2\repository\org\jsoup\jsoup\1.11.3\jsoup-1.11.3.jar;C:\Users\Sarayu.Naresh-HP\.m2\repository\org\testng\testng\6.14.3\testng-6.14.3.jar;C:\Users\Sarayu.Naresh-HP\.m2\repository\com\beust\jcommander\1.72\jcommander-1.72.jar;C:\Users\Sarayu.Naresh-HP\.m2\repository\org\apache-extras\beanshell\bsh\2.0b6\bsh-2.0b6.jar;C:\Users\Sarayu.Naresh-HP\.m2\repository\log4j\log4j\1.2.17\log4j-1.2.17.jar;C:\Users\Sarayu.Naresh-HP\.m2\repository\com\relevantcodes\extentreports\2.40.2\extentreports-2.40.2.jar;C:\Users\Sarayu.Naresh-HP\.m2\repository\org\xerial\sqlite-jdbc\3.8.11.1\sqlite-jdbc-3.8.11.1.jar;C:\Users\Sarayu.Naresh-HP\.m2\repository\org\freemarker\freemarker\2.3.23\freemarker-2.3.23.jar;C:\Users\Sarayu.Naresh-HP\.m2\repository\org\apache\maven\surefire\surefire-testng-utils\2.22.0\surefire-testng-utils-2.22.0.jar;C:\Users\Sarayu.Naresh-HP\.m2\repository\org\apache\maven\surefire\surefire-grouper\2.22.0\surefire-grouper-2.22.0.jar;"/>
    <property name="sun.cpu.endian" value="little"/>
    <property name="user.home" value="C:\Users\Sarayu.Naresh-HP"/>
    <property name="user.language" value="en"/>
    <property name="sun.stderr.encoding" value="cp437"/>
    <property name="java.specification.vendor" value="Oracle Corporation"/>
    <property name="java.home" value="C:\Program Files\Java\jdk1.8.0_241\jre"/>
    <property name="basedir" value="C:\Users\Sarayu.Naresh-HP\eclipse-workspace\ZooplaAutomation"/>
    <property name="file.separator" value="\"/>
    <property name="line.separator" value="&#10;"/>
    <property name="sun.stdout.encoding" value="cp437"/>
    <property name="java.vm.specification.vendor" value="Oracle Corporation"/>
    <property name="java.specification.name" value="Java Platform API Specification"/>
    <property name="java.awt.graphicsenv" value="sun.awt.Win32GraphicsEnvironment"/>
    <property name="sun.boot.class.path" value="C:\Program Files\Java\jdk1.8.0_241\jre\lib\resources.jar;C:\Program Files\Java\jdk1.8.0_241\jre\lib\rt.jar;C:\Program Files\Java\jdk1.8.0_241\jre\lib\sunrsasign.jar;C:\Program Files\Java\jdk1.8.0_241\jre\lib\jsse.jar;C:\Program Files\Java\jdk1.8.0_241\jre\lib\jce.jar;C:\Program Files\Java\jdk1.8.0_241\jre\lib\charsets.jar;C:\Program Files\Java\jdk1.8.0_241\jre\lib\jfr.jar;C:\Program Files\Java\jdk1.8.0_241\jre\classes"/>
    <property name="user.script" value=""/>
    <property name="sun.management.compiler" value="HotSpot 64-Bit Tiered Compilers"/>
    <property name="java.runtime.version" value="1.8.0_241-b07"/>
    <property name="user.name" value="Sarayu"/>
    <property name="path.separator" value=";"/>
    <property name="os.version" value="6.1"/>
    <property name="java.endorsed.dirs" value="C:\Program Files\Java\jdk1.8.0_241\jre\lib\endorsed"/>
    <property name="java.runtime.name" value="Java(TM) SE Runtime Environment"/>
    <property name="file.encoding" value="Cp1252"/>
    <property name="guice.disable.misplaced.annotation.check" value="true"/>
    <property name="browser" value="chrome"/>
    <property name="java.vm.name" value="Java HotSpot(TM) 64-Bit Server VM"/>
    <property name="localRepository" value="C:\Users\Sarayu.Naresh-HP\.m2\repository"/>
    <property name="java.vendor.url.bug" value="http://bugreport.sun.com/bugreport/"/>
    <property name="java.io.tmpdir" value="C:\Users\SARAYU~1.NAR\AppData\Local\Temp\"/>
    <property name="java.version" value="1.8.0_241"/>
    <property name="user.dir" value="C:\Users\Sarayu.Naresh-HP\eclipse-workspace\ZooplaAutomation"/>
    <property name="os.arch" value="amd64"/>
    <property name="maven.multiModuleProjectDirectory" value="C:\Users\Sarayu.Naresh-HP\eclipse-workspace\ZooplaAutomation"/>
    <property name="webdriver.gecko.driver" value="C:\Users\Sarayu.Naresh-HP\.m2\repository\webdriver\geckodriver\win64\0.27.0\geckodriver.exe"/>
    <property name="java.vm.specification.name" value="Java Virtual Machine Specification"/>
    <property name="java.awt.printerjob" value="sun.awt.windows.WPrinterJob"/>
    <property name="url" value="https://www.zoopla.co.uk/"/>
    <property name="sun.os.patch.level" value="Service Pack 1"/>
    <property name="java.library.path" value="C:\Program Files\Java\jdk1.8.0_241\bin;C:\Windows\Sun\Java\bin;C:\Windows\system32;C:\Windows;C:\Program Files (x86)\Common Files\Oracle\Java\javapath;C:\PROGRAM FILES (X86)\HP SIMPLEPASS\X64;C:\PROGRAM FILES (X86)\HP SIMPLEPASS\;C:\PROGRAM FILES\BROADCOM\BROADCOM 802.11\DRIVER;C:\PROGRAM FILES (X86)\INTEL\ICLS CLIENT\;C:\PROGRAM FILES\INTEL\ICLS CLIENT\;C:\PROGRAM FILES\COMMON FILES\MICROSOFT SHARED\WINDOWS LIVE;C:\PROGRAM FILES (X86)\COMMON FILES\MICROSOFT SHARED\WINDOWS LIVE;C:\Windows\SYSTEM32;C:\Windows;C:\Windows\SYSTEM32\WBEM;C:\Windows\SYSTEM32\WINDOWSPOWERSHELL\V1.0\;C:\PROGRAM FILES (X86)\WINDOWS LIVE\SHARED;C:\PROGRAM FILES\INTEL\INTEL(R) MANAGEMENT ENGINE COMPONENTS\DAL;C:\PROGRAM FILES\INTEL\INTEL(R) MANAGEMENT ENGINE COMPONENTS\IPT;C:\PROGRAM FILES (X86)\INTEL\INTEL(R) MANAGEMENT ENGINE COMPONENTS\DAL;C:\PROGRAM FILES (X86)\INTEL\INTEL(R) MANAGEMENT ENGINE COMPONENTS\IPT;C:\PROGRAM FILES (X86)\INTEL\OPENCL SDK\2.0\BIN\X86;C:\PROGRAM FILES (X86)\INTEL\OPENCL SDK\2.0\BIN\X64;C:\Program Files\WIDCOMM\Bluetooth Software\;C:\Program Files\WIDCOMM\Bluetooth Software\syswow64;C:\Program Files (x86)\NVIDIA Corporation\PhysX\Common;C:\Program Files\Java\jdk1.8.0_241\bin;C:\Program Files\Git\cmd;%PATH%;C:\Users\Sarayu.Naresh-HP\AppData\Local\Android\Sdk\tools;C:\Users\Sarayu.Naresh-HP\AppData\Local\Android\Sdk\platform-tools;C:\Program Files\nodejs\;C:\Users\Sarayu.Naresh-HP\Desktop\All Softwares Selenium\apache-maven-3.6.3\bin;C:\Program Files\MySQL\MySQL Shell 8.0\bin\;C:\Users\Sarayu.Naresh-HP\AppData\Local\Programs\Microsoft VS Code\bin;C:\Users\Sarayu.Naresh-HP\AppData\Roaming\npm;."/>
    <property name="java.vm.info" value="mixed mode"/>
    <property name="java.vendor" value="Oracle Corporation"/>
    <property name="java.vm.version" value="25.241-b07"/>
    <property name="classworlds.conf" value="C:\Users\Sarayu.Naresh-HP\Desktop\All Softwares Selenium\apache-maven-3.6.3\bin\..\bin\m2.conf"/>
    <property name="java.ext.dirs" value="C:\Program Files\Java\jdk1.8.0_241\jre\lib\ext;C:\Windows\Sun\Java\lib\ext"/>
    <property name="sun.io.unicode.encoding" value="UnicodeLittle"/>
    <property name="library.jansi.path" value="C:\Users\Sarayu.Naresh-HP\Desktop\All Softwares Selenium\apache-maven-3.6.3\bin\..\lib\jansi-native"/>
    <property name="java.class.version" value="52.0"/>
  </properties>
  <testcase name="openBrowser" classname="com.zoopla.tests.ZooplaTest" time="31.68">
    <failure message="Timed out waiting for driver server to start.&#10;Build info: version: &apos;3.141.0&apos;, revision: &apos;2ecb7d9a&apos;, time: &apos;2018-10-31T20:09:30&apos;&#10;System info: host: &apos;NARESH-HP&apos;, ip: &apos;10.0.0.188&apos;, os.name: &apos;Windows 7&apos;, os.arch: &apos;amd64&apos;, os.version: &apos;6.1&apos;, java.version: &apos;1.8.0_241&apos;&#10;Driver info: driver.version: ChromeDriver" type="org.openqa.selenium.WebDriverException">org.openqa.selenium.WebDriverException: 
Timed out waiting for driver server to start.
Build info: version: '3.141.0', revision: '2ecb7d9a', time: '2018-10-31T20:09:30'
System info: host: 'NARESH-HP', ip: '10.0.0.188', os.name: 'Windows 7', os.arch: 'amd64', os.version: '6.1', java.version: '1.8.0_241'
Driver info: driver.version: ChromeDriver
	at com.zoopla.tests.ZooplaTest.openBrowser(ZooplaTest.java:24)
Caused by: org.openqa.selenium.net.UrlChecker$TimeoutException: Timed out waiting for [http://localhost:20738/status] to be available after 20002 ms
	at com.zoopla.tests.ZooplaTest.openBrowser(ZooplaTest.java:24)
Caused by: java.util.concurrent.TimeoutException
	at com.zoopla.tests.ZooplaTest.openBrowser(ZooplaTest.java:24)
</failure>
    <system-out><![CDATA[[TestNGContentHandler] [WARN] It is strongly recommended to add "<!DOCTYPE suite SYSTEM "http://testng.org/testng-1.0.dtd" >" at the top of your file, otherwise TestNG may fail or not work as expected.
INFO TestListener : 18 -  Testlistener started 
INFO TestListener : 18 -  Testlistener started 
INFO ZooplaTest : 22 - Test : openBrowserchrome
INFO ZooplaTest : 22 - Test : openBrowserfirefox
]]></system-out>
    <system-err><![CDATA[SLF4J: Failed to load class "org.slf4j.impl.StaticLoggerBinder".
SLF4J: Defaulting to no-operation (NOP) logger implementation
SLF4J: See http://www.slf4j.org/codes.html#StaticLoggerBinder for further details.
]]></system-err>
  </testcase>
  <testcase name="openBrowser" classname="com.zoopla.tests.ZooplaTest" time="5.031">
    <failure message="java.net.ConnectException: Failed to connect to localhost/0:0:0:0:0:0:0:1:20804&#10;Build info: version: &apos;3.141.0&apos;, revision: &apos;2ecb7d9a&apos;, time: &apos;2018-10-31T20:09:30&apos;&#10;System info: host: &apos;NARESH-HP&apos;, ip: &apos;10.0.0.188&apos;, os.name: &apos;Windows 7&apos;, os.arch: &apos;amd64&apos;, os.version: &apos;6.1&apos;, java.version: &apos;1.8.0_241&apos;&#10;Driver info: driver.version: FirefoxDriver" type="org.openqa.selenium.WebDriverException">org.openqa.selenium.WebDriverException: 
java.net.ConnectException: Failed to connect to localhost/0:0:0:0:0:0:0:1:20804
Build info: version: '3.141.0', revision: '2ecb7d9a', time: '2018-10-31T20:09:30'
System info: host: 'NARESH-HP', ip: '10.0.0.188', os.name: 'Windows 7', os.arch: 'amd64', os.version: '6.1', java.version: '1.8.0_241'
Driver info: driver.version: FirefoxDriver
	at com.zoopla.tests.ZooplaTest.openBrowser(ZooplaTest.java:24)
Caused by: java.net.ConnectException: Failed to connect to localhost/0:0:0:0:0:0:0:1:20804
	at com.zoopla.tests.ZooplaTest.openBrowser(ZooplaTest.java:24)
Caused by: java.net.ConnectException: Connection refused: connect
	at com.zoopla.tests.ZooplaTest.openBrowser(ZooplaTest.java:24)
</failure>
    <system-out><![CDATA[INFO TestListener : 47 -  Testlistener finished 
]]></system-out>
  </testcase>
  <testcase name="validateHomePage" classname="com.zoopla.tests.ZooplaTest" time="0.009">
    <failure type="java.lang.NullPointerException">java.lang.NullPointerException
	at com.zoopla.tests.ZooplaTest.validateHomePage(ZooplaTest.java:36)
</failure>
    <system-out><![CDATA[INFO ZooplaTest : 35 - Test : validateHomePage
]]></system-out>
  </testcase>
  <testcase name="validateHomePage" classname="com.zoopla.tests.ZooplaTest" time="0.003">
    <failure type="java.lang.NullPointerException">java.lang.NullPointerException
	at com.zoopla.tests.ZooplaTest.validateHomePage(ZooplaTest.java:36)
</failure>
    <system-out><![CDATA[INFO ZooplaTest : 35 - Test : validateHomePage
]]></system-out>
  </testcase>
  <testcase name="enterSearchText" classname="com.zoopla.tests.ZooplaTest" time="0.01">
    <failure type="java.lang.NullPointerException">java.lang.NullPointerException
	at com.zoopla.tests.ZooplaTest.enterSearchText(ZooplaTest.java:43)
</failure>
    <system-out><![CDATA[INFO ZooplaTest : 42 - Test : enterSearchText
]]></system-out>
  </testcase>
  <testcase name="enterSearchText" classname="com.zoopla.tests.ZooplaTest" time="0.003">
    <failure type="java.lang.NullPointerException">java.lang.NullPointerException
	at com.zoopla.tests.ZooplaTest.enterSearchText(ZooplaTest.java:43)
</failure>
    <system-out><![CDATA[INFO ZooplaTest : 42 - Test : enterSearchText
]]></system-out>
  </testcase>
  <testcase name="sortPrice" classname="com.zoopla.tests.ZooplaTest" time="0.009">
    <failure type="java.lang.NullPointerException">java.lang.NullPointerException
	at com.zoopla.tests.ZooplaTest.sortPrice(ZooplaTest.java:50)
</failure>
    <system-out><![CDATA[INFO ZooplaTest : 49 - Test : sortPricenull
null
]]></system-out>
  </testcase>
  <testcase name="sortPrice" classname="com.zoopla.tests.ZooplaTest" time="0.005">
    <failure type="java.lang.NullPointerException">java.lang.NullPointerException
	at com.zoopla.tests.ZooplaTest.sortPrice(ZooplaTest.java:50)
</failure>
    <system-out><![CDATA[INFO ZooplaTest : 49 - Test : sortPricenull
null
]]></system-out>
  </testcase>
  <testcase name="selectNthSearchRes" classname="com.zoopla.tests.ZooplaTest" time="0.008">
    <failure type="java.lang.NullPointerException">java.lang.NullPointerException
	at com.zoopla.tests.ZooplaTest.selectNthSearchRes(ZooplaTest.java:59)
</failure>
    <system-out><![CDATA[INFO ZooplaTest : 56 - Test : selectNthSearchRes
INFO ZooplaTest : 58 - select n value from list 3
]]></system-out>
  </testcase>
  <testcase name="selectNthSearchRes" classname="com.zoopla.tests.ZooplaTest" time="0.006">
    <failure type="java.lang.NullPointerException">java.lang.NullPointerException
	at com.zoopla.tests.ZooplaTest.selectNthSearchRes(ZooplaTest.java:59)
</failure>
    <system-out><![CDATA[INFO ZooplaTest : 56 - Test : selectNthSearchRes
INFO ZooplaTest : 58 - select n value from list 5
]]></system-out>
  </testcase>
  <testcase name="clickOnAgentName" classname="com.zoopla.tests.ZooplaTest" time="0.005">
    <failure type="java.lang.NullPointerException">java.lang.NullPointerException
	at com.zoopla.tests.ZooplaTest.clickOnAgentName(ZooplaTest.java:64)
</failure>
    <system-out><![CDATA[INFO ZooplaTest : 63 - Test : clickOnAgentName
]]></system-out>
  </testcase>
  <testcase name="clickOnAgentName" classname="com.zoopla.tests.ZooplaTest" time="0.002">
    <failure type="java.lang.NullPointerException">java.lang.NullPointerException
	at com.zoopla.tests.ZooplaTest.clickOnAgentName(ZooplaTest.java:64)
</failure>
    <system-out><![CDATA[INFO ZooplaTest : 63 - Test : clickOnAgentName
]]></system-out>
  </testcase>
  <testcase name="verifyNameInAgentPage" classname="com.zoopla.tests.ZooplaTest" time="0.005">
    <failure type="java.lang.NullPointerException">java.lang.NullPointerException
	at com.zoopla.tests.ZooplaTest.verifyNameInAgentPage(ZooplaTest.java:70)
</failure>
    <system-out><![CDATA[INFO ZooplaTest : 69 - Test : VerifyNameInAgentPage
]]></system-out>
  </testcase>
  <testcase name="verifyNameInAgentPage" classname="com.zoopla.tests.ZooplaTest" time="0.002">
    <failure type="java.lang.NullPointerException">java.lang.NullPointerException
	at com.zoopla.tests.ZooplaTest.verifyNameInAgentPage(ZooplaTest.java:70)
</failure>
    <system-out><![CDATA[INFO ZooplaTest : 69 - Test : VerifyNameInAgentPage
]]></system-out>
  </testcase>
  <testcase name="closeDependencies" classname="com.zoopla.tests.ZooplaTest" time="0.061">
    <failure type="java.lang.NullPointerException">java.lang.NullPointerException
</failure>
    <system-out><![CDATA[INFO TestListener : 47 -  Testlistener finished 
]]></system-out>
  </testcase>
</testsuite>